<?xml version="1.0" encoding="UTF-8"?>
<!-- Generated by org.testng.reporters.JUnitReportReporter -->
<testsuite hostname="DESKTOP-HU32N3R" failures="0" tests="1" name="com.edureka.Runner.Tc_001_Register" time="11.335" errors="0" timestamp="2022-06-09T21:22:57 IST" skipped="0">
  <testcase classname="com.edureka.Runner.Tc_001_Register" name="Case1" time="11.335"/>
  <system-out/>
</testsuite> <!-- com.edureka.Runner.Tc_001_Register -->
