<?xml version="1.0" encoding="UTF-8"?>
<!-- Generated by org.testng.reporters.JUnitReportReporter -->
<testsuite hostname="DESKTOP-HU32N3R" failures="0" tests="1" name="com.edureka.Runner.Tc_001_Runner" time="20.568" errors="0" timestamp="2022-06-08T17:04:23 IST" skipped="0">
  <testcase classname="com.edureka.Runner.Tc_001_Runner" name="Case1" time="20.568"/>
  <system-out/>
</testsuite> <!-- com.edureka.Runner.Tc_001_Runner -->
